Copyright 1986-2022 Xilinx, Inc. All Rights Reserved. Copyright 2022-2023 Advanced Micro Devices, Inc. All Rights Reserved.
---------------------------------------------------------------------------------------------------------------------------------------------
| Tool Version : Vivado v.2023.2 (lin64) Build 4029153 Fri Oct 13 20:13:54 MDT 2023
| Date         : Thu Nov 14 14:45:32 2024
| Host         : 51-0B10160-01 running 64-bit Ubuntu 20.04.4 LTS
| Command      : report_control_sets -verbose -file project_1_wrapper_control_sets_placed.rpt
| Design       : project_1_wrapper
| Device       : xck26
---------------------------------------------------------------------------------------------------------------------------------------------

Control Set Information

Table of Contents
-----------------
1. Summary
2. Histogram
3. Flip-Flop Distribution
4. Detailed Control Set Information

1. Summary
----------

+----------------------------------------------------------+-------+
|                          Status                          | Count |
+----------------------------------------------------------+-------+
| Total control sets                                       |    66 |
|    Minimum number of control sets                        |    66 |
|    Addition due to synthesis replication                 |     0 |
|    Addition due to physical synthesis replication        |     0 |
| Unused register locations in slices containing registers |   103 |
+----------------------------------------------------------+-------+
* Control sets can be merged at opt_design using control_set_merge or merge_equivalent_drivers
** Run report_qor_suggestions for automated merging and remapping suggestions


2. Histogram
------------

+--------------------+-------+
|       Fanout       | Count |
+--------------------+-------+
| Total control sets |    66 |
| >= 0 to < 4        |    18 |
| >= 4 to < 6        |    14 |
| >= 6 to < 8        |     5 |
| >= 8 to < 10       |     5 |
| >= 10 to < 12      |     3 |
| >= 12 to < 14      |     1 |
| >= 14 to < 16      |     2 |
| >= 16              |    18 |
+--------------------+-------+
* Control sets can be remapped at either synth_design or opt_design


3. Flip-Flop Distribution
-------------------------

+--------------+-----------------------+------------------------+-----------------+--------------+
| Clock Enable | Synchronous Set/Reset | Asynchronous Set/Reset | Total Registers | Total Slices |
+--------------+-----------------------+------------------------+-----------------+--------------+
| No           | No                    | No                     |             176 |           64 |
| No           | No                    | Yes                    |               0 |            0 |
| No           | Yes                   | No                     |             124 |           46 |
| Yes          | No                    | No                     |             512 |           78 |
| Yes          | No                    | Yes                    |               0 |            0 |
| Yes          | Yes                   | No                     |             141 |           42 |
+--------------+-----------------------+------------------------+-----------------+--------------+


4. Detailed Control Set Information
-----------------------------------

+--------------------------------------+-----------------------------------------------------------------------------------------------------------------------------------------------------------+-----------------------------------------------------------------------------------------------------------------------------------+------------------+----------------+--------------+
|             Clock Signal             |                                                                       Enable Signal                                                                       |                                                          Set/Reset Signal                                                         | Slice Load Count | Bel Load Count | Bels / Slice |
+--------------------------------------+-----------------------------------------------------------------------------------------------------------------------------------------------------------+-----------------------------------------------------------------------------------------------------------------------------------+------------------+----------------+--------------+
|  project_1_i/clk_wiz_0/inst/clk_out2 | project_1_i/axi_intc_0/U0/AXI_LITE_IPIF_I/I_SLAVE_ATTACHMENT/bus2ip_addr_i[8]_i_1_n_0                                                                     | project_1_i/ps8_0_axi_periph/s00_couplers/auto_pc/inst/gen_axilite.gen_b2s_conv.axilite_b2s/areset_d1                             |                1 |              1 |         1.00 |
|  project_1_i/clk_wiz_0/inst/clk_out2 | project_1_i/axi_gpio_1/U0/AXI_LITE_IPIF_I/I_SLAVE_ATTACHMENT/bus2ip_addr_i[8]_i_1_n_0                                                                     | project_1_i/axi_gpio_1/U0/AXI_LITE_IPIF_I/I_SLAVE_ATTACHMENT/SR[0]                                                                |                1 |              1 |         1.00 |
|  project_1_i/clk_wiz_0/inst/clk_out2 | project_1_i/axi_gpio_1/U0/AXI_LITE_IPIF_I/I_SLAVE_ATTACHMENT/I_DECODER/E[0]                                                                               | project_1_i/axi_gpio_1/U0/AXI_LITE_IPIF_I/I_SLAVE_ATTACHMENT/SR[0]                                                                |                1 |              1 |         1.00 |
|  project_1_i/clk_wiz_0/inst/clk_out2 | project_1_i/axi_intc_0/U0/AXI_LITE_IPIF_I/I_SLAVE_ATTACHMENT/is_read_i_1_n_0                                                                              | project_1_i/ps8_0_axi_periph/s00_couplers/auto_pc/inst/gen_axilite.gen_b2s_conv.axilite_b2s/areset_d1                             |                1 |              2 |         2.00 |
|  project_1_i/clk_wiz_0/inst/clk_out2 | project_1_i/axi_intc_0/U0/AXI_LITE_IPIF_I/I_SLAVE_ATTACHMENT/s_axi_rresp_i                                                                                | project_1_i/ps8_0_axi_periph/s00_couplers/auto_pc/inst/gen_axilite.gen_b2s_conv.axilite_b2s/areset_d1                             |                2 |              2 |         1.00 |
|  project_1_i/clk_wiz_0/inst/clk_out2 | project_1_i/axi_intc_0/U0/AXI_LITE_IPIF_I/I_SLAVE_ATTACHMENT/s_axi_rresp_i                                                                                | project_1_i/axi_gpio_0/U0/AXI_LITE_IPIF_I/I_SLAVE_ATTACHMENT/SR[0]                                                                |                1 |              2 |         2.00 |
|  project_1_i/clk_wiz_0/inst/clk_out2 | project_1_i/axi_gpio_0/U0/AXI_LITE_IPIF_I/I_SLAVE_ATTACHMENT/is_read_i_1_n_0                                                                              | project_1_i/axi_gpio_0/U0/AXI_LITE_IPIF_I/I_SLAVE_ATTACHMENT/SR[0]                                                                |                1 |              2 |         2.00 |
|  project_1_i/clk_wiz_0/inst/clk_out2 |                                                                                                                                                           | project_1_i/axi_intc_0/U0/INTC_CORE_I/REG_GEN[0].ier[0]_i_1_n_0                                                                   |                1 |              2 |         2.00 |
|  project_1_i/clk_wiz_0/inst/clk_out2 |                                                                                                                                                           | project_1_i/ps8_0_axi_periph/xbar/inst/gen_sasd.crossbar_sasd_0/addr_arbiter_inst/aresetn_d_reg[0]                                |                1 |              2 |         2.00 |
|  project_1_i/clk_wiz_0/inst/clk_out2 |                                                                                                                                                           | project_1_i/ps8_0_axi_periph/xbar/inst/gen_sasd.crossbar_sasd_0/addr_arbiter_inst/s_arvalid_reg                                   |                1 |              2 |         2.00 |
|  project_1_i/clk_wiz_0/inst/clk_out2 | project_1_i/ps8_0_axi_periph/s00_couplers/auto_pc/inst/gen_axilite.gen_b2s_conv.axilite_b2s/WR.b_channel_0/bid_fifo_0/bresp_push                          |                                                                                                                                   |                1 |              2 |         2.00 |
|  project_1_i/clk_wiz_0/inst/clk_out2 | project_1_i/ps8_0_axi_periph/s00_couplers/auto_pc/inst/gen_axilite.gen_b2s_conv.axilite_b2s/WR.b_channel_0/bid_fifo_0/cnt_read[1]_i_1_n_0                 | project_1_i/axi_intc_0/U0/AXI_LITE_IPIF_I/I_SLAVE_ATTACHMENT/rst                                                                  |                1 |              2 |         2.00 |
|  project_1_i/clk_wiz_0/inst/clk_out2 | project_1_i/ps8_0_axi_periph/s00_couplers/auto_pc/inst/gen_axilite.gen_b2s_conv.axilite_b2s/WR.b_channel_0/bid_fifo_0/E[0]                                | project_1_i/axi_intc_0/U0/AXI_LITE_IPIF_I/I_SLAVE_ATTACHMENT/rst                                                                  |                1 |              2 |         2.00 |
|  project_1_i/clk_wiz_0/inst/clk_out2 | project_1_i/ps8_0_axi_periph/s00_couplers/auto_pc/inst/gen_axilite.gen_b2s_conv.axilite_b2s/WR.b_channel_0/bresp_fifo_0/E[0]                              | project_1_i/ps8_0_axi_periph/s00_couplers/auto_pc/inst/gen_axilite.gen_b2s_conv.axilite_b2s/WR.b_channel_0/bid_fifo_0/SR[0]       |                1 |              2 |         2.00 |
|  project_1_i/clk_wiz_0/inst/clk_out2 | project_1_i/axi_gpio_1/U0/AXI_LITE_IPIF_I/I_SLAVE_ATTACHMENT/is_read_i_1_n_0                                                                              | project_1_i/axi_gpio_1/U0/AXI_LITE_IPIF_I/I_SLAVE_ATTACHMENT/SR[0]                                                                |                1 |              2 |         2.00 |
|  project_1_i/clk_wiz_0/inst/clk_out2 | project_1_i/axi_gpio_1/U0/AXI_LITE_IPIF_I/I_SLAVE_ATTACHMENT/bus2ip_addr_i[8]_i_1_n_0                                                                     | project_1_i/axi_gpio_0/U0/AXI_LITE_IPIF_I/I_SLAVE_ATTACHMENT/SR[0]                                                                |                1 |              3 |         3.00 |
|  project_1_i/clk_wiz_0/inst/clk_out2 |                                                                                                                                                           | project_1_i/ps8_0_axi_periph/xbar/inst/gen_sasd.crossbar_sasd_0/addr_arbiter_inst/aresetn_d_reg_0[0]                              |                1 |              3 |         3.00 |
|  project_1_i/clk_wiz_0/inst/clk_out2 |                                                                                                                                                           | project_1_i/axi_intc_0/U0/INTC_CORE_I/REG_GEN[0].IAR_NORMAL_MODE_GEN.iar[0]_i_1_n_0                                               |                2 |              3 |         1.50 |
|  project_1_i/clk_wiz_0/inst/clk_out2 | project_1_i/axi_gpio_1/U0/AXI_LITE_IPIF_I/I_SLAVE_ATTACHMENT/I_DECODER/E[0]                                                                               | project_1_i/axi_gpio_0/U0/AXI_LITE_IPIF_I/I_SLAVE_ATTACHMENT/SR[0]                                                                |                2 |              4 |         2.00 |
|  project_1_i/clk_wiz_0/inst/clk_out2 | project_1_i/axi_gpio_0/U0/AXI_LITE_IPIF_I/I_SLAVE_ATTACHMENT/bus2ip_addr_i[8]_i_1_n_0                                                                     | project_1_i/axi_gpio_0/U0/AXI_LITE_IPIF_I/I_SLAVE_ATTACHMENT/SR[0]                                                                |                1 |              4 |         4.00 |
|  project_1_i/clk_wiz_0/inst/clk_out2 | project_1_i/axi_gpio_0/U0/AXI_LITE_IPIF_I/I_SLAVE_ATTACHMENT/start2                                                                                       | project_1_i/axi_gpio_0/U0/AXI_LITE_IPIF_I/I_SLAVE_ATTACHMENT/I_DECODER/cs_ce_clr                                                  |                1 |              4 |         4.00 |
|  project_1_i/clk_wiz_0/inst/clk_out2 | project_1_i/axi_gpio_1/U0/AXI_LITE_IPIF_I/I_SLAVE_ATTACHMENT/start2                                                                                       | project_1_i/axi_gpio_1/U0/AXI_LITE_IPIF_I/I_SLAVE_ATTACHMENT/I_DECODER/cs_ce_clr                                                  |                1 |              4 |         4.00 |
|  project_1_i/clk_wiz_0/inst/clk_out2 |                                                                                                                                                           | project_1_i/axi_intc_0/U0/AXI_LITE_IPIF_I/I_SLAVE_ATTACHMENT/clear                                                                |                1 |              4 |         4.00 |
|  project_1_i/clk_wiz_0/inst/clk_out2 |                                                                                                                                                           | project_1_i/ps8_0_axi_periph/s00_couplers/auto_pc/inst/gen_axilite.gen_b2s_conv.axilite_b2s/SI_REG/ar.ar_pipe/aresetn_d_reg[0]_1  |                3 |              4 |         1.33 |
|  project_1_i/clk_wiz_0/inst/clk_out2 |                                                                                                                                                           | project_1_i/axi_gpio_0/U0/AXI_LITE_IPIF_I/I_SLAVE_ATTACHMENT/clear                                                                |                2 |              4 |         2.00 |
|  project_1_i/clk_wiz_0/inst/clk_out2 |                                                                                                                                                           | project_1_i/proc_sys_reset_0/U0/EXT_LPF/lpf_int                                                                                   |                2 |              4 |         2.00 |
|  project_1_i/clk_wiz_0/inst/clk_out2 |                                                                                                                                                           | project_1_i/ps8_0_axi_periph/s00_couplers/auto_pc/inst/gen_axilite.gen_b2s_conv.axilite_b2s/SI_REG/b.b_pipe/aresetn_d_reg_n_0_[1] |                3 |              4 |         1.33 |
|  project_1_i/clk_wiz_0/inst/clk_out2 |                                                                                                                                                           | project_1_i/axi_gpio_1/U0/AXI_LITE_IPIF_I/I_SLAVE_ATTACHMENT/clear                                                                |                1 |              4 |         4.00 |
|  project_1_i/clk_wiz_0/inst/clk_out2 |                                                                                                                                                           | project_1_i/axi_gpio_1/U0/AXI_LITE_IPIF_I/I_SLAVE_ATTACHMENT/I_DECODER/bus2ip_rnw_i_reg                                           |                2 |              5 |         2.50 |
|  project_1_i/clk_wiz_0/inst/clk_out2 | project_1_i/ps8_0_axi_periph/s00_couplers/auto_pc/inst/gen_axilite.gen_b2s_conv.axilite_b2s/RD.r_channel_0/rd_data_fifo_0/cnt_read[4]_i_1__0_n_0          | project_1_i/ps8_0_axi_periph/s00_couplers/auto_pc/inst/gen_axilite.gen_b2s_conv.axilite_b2s/areset_d1                             |                3 |              5 |         1.67 |
|  project_1_i/clk_wiz_0/inst/clk_out2 |                                                                                                                                                           | project_1_i/axi_gpio_0/U0/gpio_core_1/Read_Reg_Rst__0                                                                             |                2 |              5 |         2.50 |
|  project_1_i/clk_wiz_0/inst/clk_out2 | project_1_i/ps8_0_axi_periph/s00_couplers/auto_pc/inst/gen_axilite.gen_b2s_conv.axilite_b2s/RD.r_channel_0/transaction_fifo_0/cnt_read[4]_i_1_n_0         | project_1_i/ps8_0_axi_periph/s00_couplers/auto_pc/inst/gen_axilite.gen_b2s_conv.axilite_b2s/areset_d1                             |                1 |              5 |         5.00 |
|  project_1_i/clk_wiz_0/inst/clk_out2 |                                                                                                                                                           | project_1_i/axi_intc_0/U0/AXI_LITE_IPIF_I/I_SLAVE_ATTACHMENT/rst                                                                  |                4 |              6 |         1.50 |
|  project_1_i/clk_wiz_0/inst/clk_out2 | project_1_i/axi_gpio_0/U0/AXI_LITE_IPIF_I/I_SLAVE_ATTACHMENT/s_axi_rresp_i                                                                                | project_1_i/axi_gpio_0/U0/AXI_LITE_IPIF_I/I_SLAVE_ATTACHMENT/SR[0]                                                                |                2 |              6 |         3.00 |
|  project_1_i/clk_wiz_0/inst/clk_out2 | project_1_i/proc_sys_reset_0/U0/SEQ/seq_cnt_en                                                                                                            | project_1_i/proc_sys_reset_0/U0/SEQ/seq_clr                                                                                       |                2 |              6 |         3.00 |
|  project_1_i/clk_wiz_0/inst/clk_out2 | project_1_i/axi_gpio_1/U0/AXI_LITE_IPIF_I/I_SLAVE_ATTACHMENT/s_axi_rresp_i                                                                                | project_1_i/axi_gpio_1/U0/AXI_LITE_IPIF_I/I_SLAVE_ATTACHMENT/SR[0]                                                                |                2 |              6 |         3.00 |
|  project_1_i/clk_wiz_0/inst/clk_out2 | project_1_i/axi_intc_0/U0/AXI_LITE_IPIF_I/I_SLAVE_ATTACHMENT/bus2ip_addr_i[8]_i_1_n_0                                                                     | project_1_i/axi_intc_0/U0/AXI_LITE_IPIF_I/I_SLAVE_ATTACHMENT/rst                                                                  |                2 |              7 |         3.50 |
|  project_1_i/clk_wiz_0/inst/clk_out2 | project_1_i/ps8_0_axi_periph/s00_couplers/auto_pc/inst/gen_axilite.gen_b2s_conv.axilite_b2s/WR.b_channel_0/mhandshake_r                                   | project_1_i/ps8_0_axi_periph/s00_couplers/auto_pc/inst/gen_axilite.gen_b2s_conv.axilite_b2s/WR.b_channel_0/bid_fifo_0/SR[0]       |                2 |              8 |         4.00 |
|  project_1_i/clk_wiz_0/inst/clk_out2 | project_1_i/ps8_0_axi_periph/s00_couplers/auto_pc/inst/gen_axilite.gen_b2s_conv.axilite_b2s/WR.aw_channel_0/aw_cmd_fsm_0/sel_first_reg[0]                 |                                                                                                                                   |                4 |              9 |         2.25 |
|  project_1_i/clk_wiz_0/inst/clk_out2 | project_1_i/ps8_0_axi_periph/s00_couplers/auto_pc/inst/gen_axilite.gen_b2s_conv.axilite_b2s/RD.ar_channel_0/ar_cmd_fsm_0/E[0]                             |                                                                                                                                   |                5 |              9 |         1.80 |
|  project_1_i/clk_wiz_0/inst/clk_out2 | project_1_i/ps8_0_axi_periph/s00_couplers/auto_pc/inst/gen_axilite.gen_b2s_conv.axilite_b2s/RD.ar_channel_0/ar_cmd_fsm_0/sel_first_reg[0]                 |                                                                                                                                   |                4 |              9 |         2.25 |
|  project_1_i/clk_wiz_0/inst/clk_out2 | project_1_i/ps8_0_axi_periph/s00_couplers/auto_pc/inst/gen_axilite.gen_b2s_conv.axilite_b2s/WR.aw_channel_0/aw_cmd_fsm_0/FSM_sequential_state_reg[0]_0[0] |                                                                                                                                   |                6 |              9 |         1.50 |
|  project_1_i/clk_wiz_0/inst/clk_out2 | project_1_i/axi_gpio_0/U0/AXI_LITE_IPIF_I/I_SLAVE_ATTACHMENT/I_DECODER/E[0]                                                                               | project_1_i/axi_gpio_0/U0/AXI_LITE_IPIF_I/I_SLAVE_ATTACHMENT/SR[0]                                                                |                2 |             10 |         5.00 |
|  project_1_i/clk_wiz_0/inst/clk_out2 |                                                                                                                                                           | project_1_i/proc_sys_reset_0/U0/peripheral_aresetn[0]                                                                             |                5 |             11 |         2.20 |
|  project_1_i/clk_wiz_0/inst/clk_out2 |                                                                                                                                                           | project_1_i/ps8_0_axi_periph/s00_couplers/auto_pc/inst/gen_axilite.gen_b2s_conv.axilite_b2s/areset_d1                             |                6 |             11 |         1.83 |
|  project_1_i/clk_wiz_0/inst/clk_out2 |                                                                                                                                                           | project_1_i/ps8_0_axi_periph/xbar/inst/gen_sasd.crossbar_sasd_0/aresetn_d                                                         |                6 |             13 |         2.17 |
|  project_1_i/clk_wiz_0/inst/clk_out2 |                                                                                                                                                           | project_1_i/axi_gpio_1/U0/AXI_LITE_IPIF_I/I_SLAVE_ATTACHMENT/SR[0]                                                                |                5 |             14 |         2.80 |
|  project_1_i/clk_wiz_0/inst/clk_out2 | project_1_i/ps8_0_axi_periph/xbar/inst/gen_sasd.crossbar_sasd_0/reg_slice_r/aa_rready                                                                     |                                                                                                                                   |                7 |             15 |         2.14 |
|  project_1_i/clk_wiz_0/inst/clk_out2 | project_1_i/ps8_0_axi_periph/s00_couplers/auto_pc/inst/gen_axilite.gen_b2s_conv.axilite_b2s/RD.r_channel_0/r_push_r                                       |                                                                                                                                   |                4 |             17 |         4.25 |
|  project_1_i/clk_wiz_0/inst/clk_out2 | project_1_i/ps8_0_axi_periph/s00_couplers/auto_pc/inst/gen_axilite.gen_b2s_conv.axilite_b2s/SI_REG/b.b_pipe/p_1_in                                        |                                                                                                                                   |                3 |             18 |         6.00 |
|  project_1_i/clk_wiz_0/inst/clk_out2 | project_1_i/ps8_0_axi_periph/s00_couplers/auto_pc/inst/gen_axilite.gen_b2s_conv.axilite_b2s/SI_REG/b.b_pipe/s_ready_i_reg_0                               |                                                                                                                                   |                3 |             18 |         6.00 |
|  project_1_i/clk_wiz_0/inst/clk_out2 | project_1_i/axi_intc_0/U0/AXI_LITE_IPIF_I/I_SLAVE_ATTACHMENT/start2                                                                                       | project_1_i/axi_intc_0/U0/AXI_LITE_IPIF_I/I_SLAVE_ATTACHMENT/I_DECODER/cs_ce_clr                                                  |                4 |             19 |         4.75 |
|  project_1_i/clk_wiz_0/inst/clk_out2 | project_1_i/ps8_0_axi_periph/s00_couplers/auto_pc/inst/gen_axilite.gen_b2s_conv.axilite_b2s/RD.ar_channel_0/ar_cmd_fsm_0/m_valid_i_reg_0[0]               |                                                                                                                                   |               10 |             22 |         2.20 |
|  project_1_i/clk_wiz_0/inst/clk_out2 | project_1_i/ps8_0_axi_periph/s00_couplers/auto_pc/inst/gen_axilite.gen_b2s_conv.axilite_b2s/WR.aw_channel_0/aw_cmd_fsm_0/E[0]                             |                                                                                                                                   |                8 |             22 |         2.75 |
|  project_1_i/clk_wiz_0/inst/clk_out2 |                                                                                                                                                           | project_1_i/axi_gpio_0/U0/AXI_LITE_IPIF_I/I_SLAVE_ATTACHMENT/SR[0]                                                                |                6 |             23 |         3.83 |
|  project_1_i/clk_wiz_0/inst/clk_out2 | project_1_i/ps8_0_axi_periph/s00_couplers/auto_pc/inst/gen_axilite.gen_b2s_conv.axilite_b2s/WR.aw_channel_0/aw_cmd_fsm_0/cnt_read_reg[1]                  |                                                                                                                                   |                2 |             24 |        12.00 |
|  project_1_i/clk_wiz_0/inst/clk_out2 | project_1_i/ps8_0_axi_periph/xbar/inst/gen_sasd.crossbar_sasd_0/addr_arbiter_inst/p_0_in1_in                                                              | project_1_i/ps8_0_axi_periph/xbar/inst/gen_sasd.crossbar_sasd_0/aresetn_d                                                         |               12 |             31 |         2.58 |
|  project_1_i/clk_wiz_0/inst/clk_out2 | project_1_i/ps8_0_axi_periph/s00_couplers/auto_pc/inst/gen_axilite.gen_b2s_conv.axilite_b2s/RD.r_channel_0/rd_data_fifo_0/wr_en0                          |                                                                                                                                   |                7 |             34 |         4.86 |
|  project_1_i/clk_wiz_0/inst/clk_out2 | project_1_i/ps8_0_axi_periph/xbar/inst/gen_sasd.crossbar_sasd_0/addr_arbiter_inst/E[0]                                                                    |                                                                                                                                   |               12 |             35 |         2.92 |
|  project_1_i/clk_wiz_0/inst/clk_out2 | project_1_i/ps8_0_axi_periph/s00_couplers/auto_pc/inst/gen_axilite.gen_b2s_conv.axilite_b2s/SI_REG/r.r_pipe/p_1_in                                        |                                                                                                                                   |               10 |             51 |         5.10 |
|  project_1_i/clk_wiz_0/inst/clk_out2 | project_1_i/ps8_0_axi_periph/s00_couplers/auto_pc/inst/gen_axilite.gen_b2s_conv.axilite_b2s/SI_REG/r.r_pipe/s_ready_i_reg_0                               |                                                                                                                                   |               10 |             51 |         5.10 |
|  project_1_i/clk_wiz_0/inst/clk_out2 | project_1_i/ps8_0_axi_periph/s00_couplers/auto_pc/inst/gen_axilite.gen_b2s_conv.axilite_b2s/SI_REG/aw.aw_pipe/s_ready_i_reg_0                             |                                                                                                                                   |               17 |             61 |         3.59 |
|  project_1_i/clk_wiz_0/inst/clk_out2 | project_1_i/ps8_0_axi_periph/s00_couplers/auto_pc/inst/gen_axilite.gen_b2s_conv.axilite_b2s/RD.ar_channel_0/ar_cmd_fsm_0/FSM_sequential_state_reg[1]_0[0] |                                                                                                                                   |               15 |             61 |         4.07 |
|  project_1_i/clk_wiz_0/inst/clk_out2 | project_1_i/ps8_0_axi_periph/s00_couplers/auto_pc/inst/gen_axilite.gen_b2s_conv.axilite_b2s/WR.aw_channel_0/aw_cmd_fsm_0/m_valid_i_reg[0]                 |                                                                                                                                   |               17 |             61 |         3.59 |
|  project_1_i/clk_wiz_0/inst/clk_out2 | project_1_i/ps8_0_axi_periph/s00_couplers/auto_pc/inst/gen_axilite.gen_b2s_conv.axilite_b2s/SI_REG/ar.ar_pipe/s_ready_i_reg_0                             |                                                                                                                                   |               15 |             61 |         4.07 |
|  project_1_i/clk_wiz_0/inst/clk_out2 |                                                                                                                                                           |                                                                                                                                   |               64 |            177 |         2.77 |
+--------------------------------------+-----------------------------------------------------------------------------------------------------------------------------------------------------------+-----------------------------------------------------------------------------------------------------------------------------------+------------------+----------------+--------------+


